<?xml version="1.0" encoding="UTF-8"?>
<testng-results ignored="0" total="1" passed="1" failed="0" skipped="0">
  <reporter-output>
  </reporter-output>
  <suite started-at="2022-03-14T16:21:51 IST" name="Default suite" finished-at="2022-03-14T16:21:51 IST" duration-ms="69">
    <groups>
    </groups>
    <test started-at="2022-03-14T16:21:51 IST" name="Default test" finished-at="2022-03-14T16:21:51 IST" duration-ms="69">
      <class name="orgTests.CreateOrgTest">
        <test-method signature="createOrg()[pri:0, instance:orgTests.CreateOrgTest@7671cb68]" started-at="2022-03-14T16:21:51 IST" name="createOrg" finished-at="2022-03-14T16:21:51 IST" duration-ms="13" status="PASS">
          <reporter-output>
          </reporter-output>
        </test-method> <!-- createOrg -->
      </class> <!-- orgTests.CreateOrgTest -->
    </test> <!-- Default test -->
  </suite> <!-- Default suite -->
</testng-results>
